<?xml version="1.0" encoding="utf-8"?><testsuites><testsuite name="pytest" errors="0" failures="0" skipped="0" tests="25" time="2.478" timestamp="2025-02-20T16:09:59.799728+03:00" hostname="ROG"><testcase classname="tests.test_auth" name="test_admin_login_success" time="0.409" /><testcase classname="tests.test_auth" name="test_admin_login_fail" time="0.510" /><testcase classname="tests.test_auth" name="test_login_nonexistent_user" time="0.523" /><testcase classname="tests.test_user" name="test_update_profile_success" time="0.107" /><testcase classname="tests.test_user" name="test_update_profile_invalid_password" time="0.006" /><testcase classname="tests.test_user" name="test_update_profile_missing_current_password" time="0.006" /><testcase classname="tests.test_user" name="test_update_profile_invalid_fields" time="0.005" /><testcase classname="tests.test_user" name="test_update_profile_has_password_reset" time="0.056" /><testcase classname="tests.test_user" name="test_acknowledge_instructions" time="0.009" /><testcase classname="tests.test_user" name="test_acknowledge_instructions_idempotent" time="0.006" /><testcase classname="tests.test_user" name="test_acknowledge_instructions_no_profile" time="0.005" /><testcase classname="tests.test_user" name="test_acknowledge_instructions_unauthenticated" time="0.003" /><testcase classname="tests.test_user" name="test_get_current_user_unauthenticated" time="0.002" /><testcase classname="tests.test_user" name="test_user_exists" time="0.002" /><testcase classname="tests.test_user" name="test_admin_exists" time="0.001" /><testcase classname="tests.test_user" name="test_create_bulk_users" time="0.255" /><testcase classname="tests.test_user" name="test_create_bulk_users_unique" time="0.404" /><testcase classname="tests.test_user" name="test_create_bulk_users_exceed_limit" time="0.005" /><testcase classname="tests.test_user" name="test_create_bulk_users_invalid_count" time="0.007" /><testcase classname="tests.test_user" name="test_create_bulk_users_unauthorized" time="0.006" /><testcase classname="tests.test_user" name="test_block_user" time="0.013" /><testcase classname="tests.test_user" name="test_unblock_user" time="0.049" /><testcase classname="tests.test_user" name="test_block_admin_user" time="0.005" /><testcase classname="tests.test_user" name="test_block_nonexistent_user" time="0.005" /><testcase classname="tests.test_user" name="test_block_user_unauthorized" time="0.025" /></testsuite></testsuites>